app/build/intermediates/manifest_merge_blame_file/debug/manifest-merger-blame-debug-report.txt
1<?xml version="1.0" encoding="utf-8"?>
2<manifest xmlns:android="http://schemas.android.com/apk/res/android"
3    package="busu.blackscreenbatterysaver"
4    android:versionCode="110"
5    android:versionName="1.1.0" >
6
7    <uses-sdk
8        android:minSdkVersion="16"
8-->src\main\AndroidManifest.xml
9        android:targetSdkVersion="30" />
9-->src\main\AndroidManifest.xml
10
11    <uses-permission android:name="android.permission.SYSTEM_ALERT_WINDOW" />
11-->src\main\AndroidManifest.xml:5:5-78
11-->src\main\AndroidManifest.xml:5:22-75
12    <uses-permission android:name="android.permission.RECEIVE_BOOT_COMPLETED" />
12-->src\main\AndroidManifest.xml:6:5-81
12-->src\main\AndroidManifest.xml:6:22-78
13
14    <application
14-->src\main\AndroidManifest.xml:8:5-33:19
15        android:allowBackup="true"
15-->src\main\AndroidManifest.xml:9:9-35
16        android:appComponentFactory="androidx.core.app.CoreComponentFactory"
16-->[androidx.core:core:1.3.1] AndroidManifest.xml:24:18-86
17        android:debuggable="true"
18        android:icon="@mipmap/batterylogo"
18-->src\main\AndroidManifest.xml:10:9-43
19        android:installLocation="auto"
19-->src\main\AndroidManifest.xml:11:9-39
20        android:label="@string/app_name"
20-->src\main\AndroidManifest.xml:12:9-41
21        android:supportsRtl="true"
21-->src\main\AndroidManifest.xml:13:9-35
22        android:testOnly="true"
23        android:theme="@style/AppTheme" >
23-->src\main\AndroidManifest.xml:14:9-40
24        <activity android:name="sunnyraj.blackscreenbatterysaver.StarterActivity" >
24-->src\main\AndroidManifest.xml:16:9-21:20
24-->src\main\AndroidManifest.xml:16:19-82
25            <intent-filter>
25-->src\main\AndroidManifest.xml:17:13-20:29
26                <action android:name="android.intent.action.MAIN" />
26-->src\main\AndroidManifest.xml:18:17-69
26-->src\main\AndroidManifest.xml:18:25-66
27
28                <category android:name="android.intent.category.LAUNCHER" />
28-->src\main\AndroidManifest.xml:19:17-77
28-->src\main\AndroidManifest.xml:19:27-74
29            </intent-filter>
30        </activity>
31
32        <service android:name="sunnyraj.blackscreenbatterysaver.BatterySavingService" />
32-->src\main\AndroidManifest.xml:23:9-89
32-->src\main\AndroidManifest.xml:23:18-86
33        <service
33-->src\main\AndroidManifest.xml:24:9-32:19
34            android:name="sunnyraj.blackscreenbatterysaver.QuickSettingsTileService"
34-->src\main\AndroidManifest.xml:25:13-85
35            android:icon="@drawable/notif_icon"
35-->src\main\AndroidManifest.xml:26:13-48
36            android:label="@string/app_name"
36-->src\main\AndroidManifest.xml:27:13-45
37            android:permission="android.permission.BIND_QUICK_SETTINGS_TILE" >
37-->src\main\AndroidManifest.xml:28:13-77
38            <intent-filter>
38-->src\main\AndroidManifest.xml:29:13-31:29
39                <action android:name="android.service.quicksettings.action.QS_TILE" />
39-->src\main\AndroidManifest.xml:30:17-87
39-->src\main\AndroidManifest.xml:30:25-84
40            </intent-filter>
41        </service>
42    </application>
43
44</manifest>